<?xml version="1.0" encoding="UTF-8"?>
<!-- Generated by org.testng.reporters.JUnitReportReporter -->
<testsuite hostname="srvweblpubt20-Inspiron-3493" failures="0" tests="1" name="Test.readData" time="5.642" errors="0" timestamp="2022-07-12T18:09:52 IST" skipped="0">
  <testcase classname="Test.readData" name="registerUser" time="5.642"/>
  <system-out/>
</testsuite> <!-- Test.readData -->
