<?xml version="1.0" encoding="UTF-8"?>
<!-- Generated by org.testng.reporters.JUnitReportReporter -->
<testsuite hostname="srvweblpubt20-Inspiron-3493" failures="0" tests="3" name="Test.register2" time="12.755" errors="0" timestamp="2022-07-13T16:42:26 IST" skipped="2">
  <testcase classname="Test.register2" name="registerUserusingState3" time="12.755"/>
  <system-out/>
  <testcase classname="Test.register2" name="registerUserusingState">
    <skipped/>
  </testcase> <!-- registerUserusingState -->
  <system-out/>
  <testcase classname="Test.register2" name="registerUser">
    <skipped/>
  </testcase> <!-- registerUser -->
  <system-out/>
</testsuite> <!-- Test.register2 -->
