<?xml version="1.0" encoding="UTF-8"?>
<!-- Generated by org.testng.reporters.JUnitReportReporter -->
<testsuite hostname="srvweblpubt20-Inspiron-3493" failures="0" tests="1" name="Test.getdata" time="0.536" errors="0" timestamp="2022-07-12T15:20:13 IST" skipped="0">
  <testcase classname="Test.getdata" name="getDAtafromdropdown" time="0.536"/>
  <system-out/>
</testsuite> <!-- Test.getdata -->
